<!doctype html>
<html lang="en"><head><meta charSet="utf-8"/><meta http-equiv="X-UA-Compatible" content="IE=edge"/><meta name="viewport" content="width=device-width, initial-scale=1"/><title>Mochawesome Report</title><link rel="stylesheet" href="assets\app.css"/></head><body data-raw="{&quot;stats&quot;:{&quot;suites&quot;:1,&quot;tests&quot;:9,&quot;passes&quot;:1,&quot;pending&quot;:0,&quot;failures&quot;:8,&quot;testsRegistered&quot;:9,&quot;passPercent&quot;:11.11111111111111,&quot;pendingPercent&quot;:0,&quot;other&quot;:0,&quot;hasOther&quot;:false,&quot;skipped&quot;:0,&quot;hasSkipped&quot;:false,&quot;start&quot;:&quot;2025-12-23T15:12:32.708Z&quot;,&quot;end&quot;:&quot;2025-12-23T15:13:57.798Z&quot;,&quot;duration&quot;:85090},&quot;results&quot;:[{&quot;uuid&quot;:&quot;35edb8c5-2cfa-4454-b60d-b1e0cb94a01c&quot;,&quot;title&quot;:&quot;&quot;,&quot;fullFile&quot;:&quot;cypress\\e2e\\FlexTable-Plugin.cy.js&quot;,&quot;file&quot;:&quot;cypress\\e2e\\FlexTable-Plugin.cy.js&quot;,&quot;beforeHooks&quot;:[],&quot;afterHooks&quot;:[],&quot;tests&quot;:[],&quot;suites&quot;:[{&quot;uuid&quot;:&quot;fea081f9-6c57-40ed-8d67-728642977dda&quot;,&quot;title&quot;:&quot;Part A — FlexTable: Automation Test Cases&quot;,&quot;fullFile&quot;:&quot;cypress\\e2e\\FlexTable-Plugin.cy.js&quot;,&quot;file&quot;:&quot;cypress\\e2e\\FlexTable-Plugin.cy.js&quot;,&quot;beforeHooks&quot;:[],&quot;afterHooks&quot;:[],&quot;tests&quot;:[{&quot;title&quot;:&quot;Test Case 1: Verify WordPress Login Functionality&quot;,&quot;fullTitle&quot;:&quot;Part A — FlexTable: Automation Test Cases Test Case 1: Verify WordPress Login Functionality&quot;,&quot;timedOut&quot;:null,&quot;duration&quot;:7279,&quot;state&quot;:&quot;passed&quot;,&quot;speed&quot;:&quot;medium&quot;,&quot;pass&quot;:true,&quot;fail&quot;:false,&quot;pending&quot;:false,&quot;context&quot;:null,&quot;code&quot;:&quot;//creating object for the Login class\nconst login = new _login.default();\n//Assertion: User is redirected to the WordPress Dashboard without errors\nlogin.displayDashboard();&quot;,&quot;err&quot;:{},&quot;uuid&quot;:&quot;a2d8a16b-6438-414b-a050-9926c65b7078&quot;,&quot;parentUUID&quot;:&quot;fea081f9-6c57-40ed-8d67-728642977dda&quot;,&quot;isHook&quot;:false,&quot;skipped&quot;:false},{&quot;title&quot;:&quot;Test Case 2: Verify FlexTable Plugin Activation Status&quot;,&quot;fullTitle&quot;:&quot;Part A — FlexTable: Automation Test Cases Test Case 2: Verify FlexTable Plugin Activation Status&quot;,&quot;timedOut&quot;:null,&quot;duration&quot;:10412,&quot;state&quot;:&quot;failed&quot;,&quot;speed&quot;:null,&quot;pass&quot;:false,&quot;fail&quot;:true,&quot;pending&quot;:false,&quot;context&quot;:&quot;[\n    {\n        \&quot;title\&quot;: \&quot;Failed screenshot\&quot;,\n        \&quot;value\&quot;: \&quot;screenshots\\\\FlexTable-Plugin.cy.js/Part%20A%20%E2%80%94%20FlexTable%20Automation%20Test%20Cases%20--%20Test%20Case%202%20Verify%20FlexTable%20Plugin%20Activation%20Status%20(failed).png\&quot;\n    }\n]&quot;,&quot;code&quot;:&quot;//Creating object for the ActivePlugin class\nconst plugin = new _activeFlexTablePlugin.default();\n//Navigate to Installed Plugins\nplugin.installedPlugins();\n//Search the FlexTable in the Installed Plugins page\n//FlexTable will be installed and activated if it is not available\nplugin.searchFlexTable();&quot;,&quot;err&quot;:{&quot;message&quot;:&quot;AssertionError: Timed out retrying after 4000ms: Expected to find element: `#plugin-search-input`, but never found it.&quot;,&quot;estack&quot;:&quot;AssertionError: Timed out retrying after 4000ms: Expected to find element: `#plugin-search-input`, but never found it.\n    at Context.eval (webpack://wppool-assignment/./POM/FlexTable-Plugin/activeFlexTablePlugin.js:18:15)\n    at getRet (http://flextable-automation.local/__cypress/runner/cypress_runner.js:122460:20)\n    at tryCatcher (http://flextable-automation.local/__cypress/runner/cypress_runner.js:1777:23)\n    at Promise.attempt.Promise.try (http://flextable-automation.local/__cypress/runner/cypress_runner.js:4285:29)\n    at Context.thenFn (http://flextable-automation.local/__cypress/runner/cypress_runner.js:122471:66)\n    at Context.then (http://flextable-automation.local/__cypress/runner/cypress_runner.js:122722:21)\n    at wrapped (http://flextable-automation.local/__cypress/runner/cypress_runner.js:145818:19)&quot;,&quot;diff&quot;:null},&quot;uuid&quot;:&quot;3f27c187-a64c-47a3-8bd9-f025c55e020c&quot;,&quot;parentUUID&quot;:&quot;fea081f9-6c57-40ed-8d67-728642977dda&quot;,&quot;isHook&quot;:false,&quot;skipped&quot;:false},{&quot;title&quot;:&quot;Test Case 3: Navigate to FlexTable Dashboard&quot;,&quot;fullTitle&quot;:&quot;Part A — FlexTable: Automation Test Cases Test Case 3: Navigate to FlexTable Dashboard&quot;,&quot;timedOut&quot;:null,&quot;duration&quot;:8800,&quot;state&quot;:&quot;failed&quot;,&quot;speed&quot;:null,&quot;pass&quot;:false,&quot;fail&quot;:true,&quot;pending&quot;:false,&quot;context&quot;:&quot;[\n    {\n        \&quot;title\&quot;: \&quot;Failed screenshot\&quot;,\n        \&quot;value\&quot;: \&quot;screenshots\\\\FlexTable-Plugin.cy.js/Part%20A%20%E2%80%94%20FlexTable%20Automation%20Test%20Cases%20--%20Test%20Case%203%20Navigate%20to%20FlexTable%20Dashboard%20(failed).png\&quot;\n    }\n]&quot;,&quot;code&quot;:&quot;//Creating object of FlexTableDashboard class\nconst dashboard = new _navigateFlexTableDashboard.default();\n//Navigate to FlexTable Dashboard\ndashboard.navigateFlexTableDashboard();\n////Assertion: FlexTable Dashboard UI is displayed without errors\ndashboard.dasboardDisplayed();&quot;,&quot;err&quot;:{&quot;message&quot;:&quot;AssertionError: Timed out retrying after 4000ms: Expected to find content: &#x27;FlexTable&#x27; within the selector: &#x27;.wp-menu-name&#x27; but never did.&quot;,&quot;estack&quot;:&quot;AssertionError: Timed out retrying after 4000ms: Expected to find content: &#x27;FlexTable&#x27; within the selector: &#x27;.wp-menu-name&#x27; but never did.\n    at Context.eval (webpack://wppool-assignment/./POM/FlexTable-Plugin/navigateFlexTableDashboard.js:7:15)\n    at getRet (http://flextable-automation.local/__cypress/runner/cypress_runner.js:122460:20)\n    at tryCatcher (http://flextable-automation.local/__cypress/runner/cypress_runner.js:1777:23)\n    at Promise.attempt.Promise.try (http://flextable-automation.local/__cypress/runner/cypress_runner.js:4285:29)\n    at Context.thenFn (http://flextable-automation.local/__cypress/runner/cypress_runner.js:122471:66)\n    at Context.then (http://flextable-automation.local/__cypress/runner/cypress_runner.js:122722:21)\n    at wrapped (http://flextable-automation.local/__cypress/runner/cypress_runner.js:145818:19)&quot;,&quot;diff&quot;:null},&quot;uuid&quot;:&quot;6c689071-4b70-4890-8897-3f79c2782d26&quot;,&quot;parentUUID&quot;:&quot;fea081f9-6c57-40ed-8d67-728642977dda&quot;,&quot;isHook&quot;:false,&quot;skipped&quot;:false},{&quot;title&quot;:&quot;Test Case 4: Create a New Table Using Google Sheet Input&quot;,&quot;fullTitle&quot;:&quot;Part A — FlexTable: Automation Test Cases Test Case 4: Create a New Table Using Google Sheet Input&quot;,&quot;timedOut&quot;:null,&quot;duration&quot;:9130,&quot;state&quot;:&quot;failed&quot;,&quot;speed&quot;:null,&quot;pass&quot;:false,&quot;fail&quot;:true,&quot;pending&quot;:false,&quot;context&quot;:&quot;[\n    {\n        \&quot;title\&quot;: \&quot;Failed screenshot\&quot;,\n        \&quot;value\&quot;: \&quot;screenshots\\\\FlexTable-Plugin.cy.js/Part%20A%20%E2%80%94%20FlexTable%20Automation%20Test%20Cases%20--%20Test%20Case%204%20Create%20a%20New%20Table%20Using%20Google%20Sheet%20Input%20(failed).png\&quot;\n    }\n]&quot;,&quot;code&quot;:&quot;//Creating object of CreateTable class\nconst table = new _createTable.default();\n//Create FlexTable using a Google Sheet URL, table title, and table description\ntable.newTable();&quot;,&quot;err&quot;:{&quot;message&quot;:&quot;AssertionError: Timed out retrying after 4000ms: Expected to find content: &#x27;FlexTable&#x27; within the selector: &#x27;.wp-menu-name&#x27; but never did.&quot;,&quot;estack&quot;:&quot;AssertionError: Timed out retrying after 4000ms: Expected to find content: &#x27;FlexTable&#x27; within the selector: &#x27;.wp-menu-name&#x27; but never did.\n    at Context.eval (webpack://wppool-assignment/./POM/FlexTable-Plugin/navigateFlexTableDashboard.js:7:15)\n    at getRet (http://flextable-automation.local/__cypress/runner/cypress_runner.js:122460:20)\n    at tryCatcher (http://flextable-automation.local/__cypress/runner/cypress_runner.js:1777:23)\n    at Promise.attempt.Promise.try (http://flextable-automation.local/__cypress/runner/cypress_runner.js:4285:29)\n    at Context.thenFn (http://flextable-automation.local/__cypress/runner/cypress_runner.js:122471:66)\n    at Context.then (http://flextable-automation.local/__cypress/runner/cypress_runner.js:122722:21)\n    at wrapped (http://flextable-automation.local/__cypress/runner/cypress_runner.js:145818:19)&quot;,&quot;diff&quot;:null},&quot;uuid&quot;:&quot;7da600be-d8ae-4479-aa3e-c0dfb0fb022d&quot;,&quot;parentUUID&quot;:&quot;fea081f9-6c57-40ed-8d67-728642977dda&quot;,&quot;isHook&quot;:false,&quot;skipped&quot;:false},{&quot;title&quot;:&quot;Test Case 5: Verify Table Display Using Shortcode&quot;,&quot;fullTitle&quot;:&quot;Part A — FlexTable: Automation Test Cases Test Case 5: Verify Table Display Using Shortcode&quot;,&quot;timedOut&quot;:null,&quot;duration&quot;:8951,&quot;state&quot;:&quot;failed&quot;,&quot;speed&quot;:null,&quot;pass&quot;:false,&quot;fail&quot;:true,&quot;pending&quot;:false,&quot;context&quot;:&quot;[\n    {\n        \&quot;title\&quot;: \&quot;Failed screenshot\&quot;,\n        \&quot;value\&quot;: \&quot;screenshots\\\\FlexTable-Plugin.cy.js/Part%20A%20%E2%80%94%20FlexTable%20Automation%20Test%20Cases%20--%20Test%20Case%205%20Verify%20Table%20Display%20Using%20Shortcode%20(failed).png\&quot;\n    }\n]&quot;,&quot;code&quot;:&quot;//Creating object for TableWithShortcode class\nconst page = new _tableUsingShortcode.default();\n//Copying short code and creating a page with it\npage.createPageWithShortcode();&quot;,&quot;err&quot;:{&quot;message&quot;:&quot;AssertionError: Timed out retrying after 4000ms: Expected to find content: &#x27;FlexTable&#x27; within the selector: &#x27;.wp-menu-name&#x27; but never did.&quot;,&quot;estack&quot;:&quot;AssertionError: Timed out retrying after 4000ms: Expected to find content: &#x27;FlexTable&#x27; within the selector: &#x27;.wp-menu-name&#x27; but never did.\n    at Context.eval (webpack://wppool-assignment/./POM/FlexTable-Plugin/navigateFlexTableDashboard.js:7:15)\n    at getRet (http://flextable-automation.local/__cypress/runner/cypress_runner.js:122460:20)\n    at tryCatcher (http://flextable-automation.local/__cypress/runner/cypress_runner.js:1777:23)\n    at Promise.attempt.Promise.try (http://flextable-automation.local/__cypress/runner/cypress_runner.js:4285:29)\n    at Context.thenFn (http://flextable-automation.local/__cypress/runner/cypress_runner.js:122471:66)\n    at Context.then (http://flextable-automation.local/__cypress/runner/cypress_runner.js:122722:21)\n    at wrapped (http://flextable-automation.local/__cypress/runner/cypress_runner.js:145818:19)&quot;,&quot;diff&quot;:null},&quot;uuid&quot;:&quot;9b1db376-0625-46e3-87fb-423f65d90969&quot;,&quot;parentUUID&quot;:&quot;fea081f9-6c57-40ed-8d67-728642977dda&quot;,&quot;isHook&quot;:false,&quot;skipped&quot;:false},{&quot;title&quot;:&quot;Test Case 6: Enable &#x27;Show Table Title&#x27; and &#x27;Show Table Description Below Table&quot;,&quot;fullTitle&quot;:&quot;Part A — FlexTable: Automation Test Cases Test Case 6: Enable &#x27;Show Table Title&#x27; and &#x27;Show Table Description Below Table&quot;,&quot;timedOut&quot;:null,&quot;duration&quot;:8749,&quot;state&quot;:&quot;failed&quot;,&quot;speed&quot;:null,&quot;pass&quot;:false,&quot;fail&quot;:true,&quot;pending&quot;:false,&quot;context&quot;:&quot;[\n    {\n        \&quot;title\&quot;: \&quot;Failed screenshot\&quot;,\n        \&quot;value\&quot;: \&quot;screenshots\\\\FlexTable-Plugin.cy.js/Part%20A%20%E2%80%94%20FlexTable%20Automation%20Test%20Cases%20--%20Test%20Case%206%20Enable%20&#x27;Show%20Table%20Title&#x27;%20and%20&#x27;Show%20Table%20Description%20Below%20Table%20(failed).png\&quot;\n    }\n]&quot;,&quot;code&quot;:&quot;//creating object for CustomizeTable class\nconst customizeTable = new _customizeTable.default();\n//navigate to table customization\ncustomizeTable.navigateTableCustomization();\n//Apply changes\ncustomizeTable.applyChanges();\n//verify changes\ncustomizeTable.assertChanges();&quot;,&quot;err&quot;:{&quot;message&quot;:&quot;AssertionError: Timed out retrying after 4000ms: Expected to find content: &#x27;FlexTable&#x27; within the selector: &#x27;.wp-menu-name&#x27; but never did.&quot;,&quot;estack&quot;:&quot;AssertionError: Timed out retrying after 4000ms: Expected to find content: &#x27;FlexTable&#x27; within the selector: &#x27;.wp-menu-name&#x27; but never did.\n    at Context.eval (webpack://wppool-assignment/./POM/FlexTable-Plugin/navigateFlexTableDashboard.js:7:15)\n    at getRet (http://flextable-automation.local/__cypress/runner/cypress_runner.js:122460:20)\n    at tryCatcher (http://flextable-automation.local/__cypress/runner/cypress_runner.js:1777:23)\n    at Promise.attempt.Promise.try (http://flextable-automation.local/__cypress/runner/cypress_runner.js:4285:29)\n    at Context.thenFn (http://flextable-automation.local/__cypress/runner/cypress_runner.js:122471:66)\n    at Context.then (http://flextable-automation.local/__cypress/runner/cypress_runner.js:122722:21)\n    at wrapped (http://flextable-automation.local/__cypress/runner/cypress_runner.js:145818:19)&quot;,&quot;diff&quot;:null},&quot;uuid&quot;:&quot;4a9b85ae-aa76-435a-ac24-50a79dc591b3&quot;,&quot;parentUUID&quot;:&quot;fea081f9-6c57-40ed-8d67-728642977dda&quot;,&quot;isHook&quot;:false,&quot;skipped&quot;:false},{&quot;title&quot;:&quot;Test Case 7: Enable Entry Info &amp; Pagination&quot;,&quot;fullTitle&quot;:&quot;Part A — FlexTable: Automation Test Cases Test Case 7: Enable Entry Info &amp; Pagination&quot;,&quot;timedOut&quot;:null,&quot;duration&quot;:9172,&quot;state&quot;:&quot;failed&quot;,&quot;speed&quot;:null,&quot;pass&quot;:false,&quot;fail&quot;:true,&quot;pending&quot;:false,&quot;context&quot;:&quot;[\n    {\n        \&quot;title\&quot;: \&quot;Failed screenshot\&quot;,\n        \&quot;value\&quot;: \&quot;screenshots\\\\FlexTable-Plugin.cy.js/Part%20A%20%E2%80%94%20FlexTable%20Automation%20Test%20Cases%20--%20Test%20Case%207%20Enable%20Entry%20Info%20%26%20Pagination%20(failed).png\&quot;\n    }\n]&quot;,&quot;code&quot;:&quot;//creating object for ShowEntryInfoAndPagination class\nconst entryInfoAndPagi = new _entryInfoAndPagination.default();\n//Enable entry info and pagination\nentryInfoAndPagi.enableEntryInfoAndPagination();\n//Assertion: entry info, pagination, layout\nentryInfoAndPagi.entryInfoPaginationLayout();&quot;,&quot;err&quot;:{&quot;message&quot;:&quot;AssertionError: Timed out retrying after 4000ms: Expected to find content: &#x27;FlexTable&#x27; within the selector: &#x27;.wp-menu-name&#x27; but never did.&quot;,&quot;estack&quot;:&quot;AssertionError: Timed out retrying after 4000ms: Expected to find content: &#x27;FlexTable&#x27; within the selector: &#x27;.wp-menu-name&#x27; but never did.\n    at Context.eval (webpack://wppool-assignment/./POM/FlexTable-Plugin/navigateFlexTableDashboard.js:7:15)\n    at getRet (http://flextable-automation.local/__cypress/runner/cypress_runner.js:122460:20)\n    at tryCatcher (http://flextable-automation.local/__cypress/runner/cypress_runner.js:1777:23)\n    at Promise.attempt.Promise.try (http://flextable-automation.local/__cypress/runner/cypress_runner.js:4285:29)\n    at Context.thenFn (http://flextable-automation.local/__cypress/runner/cypress_runner.js:122471:66)\n    at Context.then (http://flextable-automation.local/__cypress/runner/cypress_runner.js:122722:21)\n    at wrapped (http://flextable-automation.local/__cypress/runner/cypress_runner.js:145818:19)&quot;,&quot;diff&quot;:null},&quot;uuid&quot;:&quot;9c58a043-4abf-413e-9ecf-20b5632048f1&quot;,&quot;parentUUID&quot;:&quot;fea081f9-6c57-40ed-8d67-728642977dda&quot;,&quot;isHook&quot;:false,&quot;skipped&quot;:false},{&quot;title&quot;:&quot;Test Case 8: Update &#x27;Rows Per Page &amp; Table Height&#x27;&quot;,&quot;fullTitle&quot;:&quot;Part A — FlexTable: Automation Test Cases Test Case 8: Update &#x27;Rows Per Page &amp; Table Height&#x27;&quot;,&quot;timedOut&quot;:null,&quot;duration&quot;:9211,&quot;state&quot;:&quot;failed&quot;,&quot;speed&quot;:null,&quot;pass&quot;:false,&quot;fail&quot;:true,&quot;pending&quot;:false,&quot;context&quot;:&quot;[\n    {\n        \&quot;title\&quot;: \&quot;Failed screenshot\&quot;,\n        \&quot;value\&quot;: \&quot;screenshots\\\\FlexTable-Plugin.cy.js/Part%20A%20%E2%80%94%20FlexTable%20Automation%20Test%20Cases%20--%20Test%20Case%208%20Update%20&#x27;Rows%20Per%20Page%20%26%20Table%20Height&#x27;%20(failed).png\&quot;\n    }\n]&quot;,&quot;code&quot;:&quot;//creating object for Styling class\nconst style = new _ensureStyling.default();\n//select random value for row in a page and table height\nstyle.setRowsAndHeight();&quot;,&quot;err&quot;:{&quot;message&quot;:&quot;AssertionError: Timed out retrying after 4000ms: Expected to find content: &#x27;FlexTable&#x27; within the selector: &#x27;.wp-menu-name&#x27; but never did.&quot;,&quot;estack&quot;:&quot;AssertionError: Timed out retrying after 4000ms: Expected to find content: &#x27;FlexTable&#x27; within the selector: &#x27;.wp-menu-name&#x27; but never did.\n    at Context.eval (webpack://wppool-assignment/./POM/FlexTable-Plugin/navigateFlexTableDashboard.js:7:15)\n    at getRet (http://flextable-automation.local/__cypress/runner/cypress_runner.js:122460:20)\n    at tryCatcher (http://flextable-automation.local/__cypress/runner/cypress_runner.js:1777:23)\n    at Promise.attempt.Promise.try (http://flextable-automation.local/__cypress/runner/cypress_runner.js:4285:29)\n    at Context.thenFn (http://flextable-automation.local/__cypress/runner/cypress_runner.js:122471:66)\n    at Context.then (http://flextable-automation.local/__cypress/runner/cypress_runner.js:122722:21)\n    at wrapped (http://flextable-automation.local/__cypress/runner/cypress_runner.js:145818:19)&quot;,&quot;diff&quot;:null},&quot;uuid&quot;:&quot;d2639930-34e0-4cf0-842d-1f7c505f53f2&quot;,&quot;parentUUID&quot;:&quot;fea081f9-6c57-40ed-8d67-728642977dda&quot;,&quot;isHook&quot;:false,&quot;skipped&quot;:false},{&quot;title&quot;:&quot;Test Case 9: Delete the Table and Verify Frontend Removal&quot;,&quot;fullTitle&quot;:&quot;Part A — FlexTable: Automation Test Cases Test Case 9: Delete the Table and Verify Frontend Removal&quot;,&quot;timedOut&quot;:null,&quot;duration&quot;:8900,&quot;state&quot;:&quot;failed&quot;,&quot;speed&quot;:null,&quot;pass&quot;:false,&quot;fail&quot;:true,&quot;pending&quot;:false,&quot;context&quot;:&quot;[\n    {\n        \&quot;title\&quot;: \&quot;Failed screenshot\&quot;,\n        \&quot;value\&quot;: \&quot;screenshots\\\\FlexTable-Plugin.cy.js/Part%20A%20%E2%80%94%20FlexTable%20Automation%20Test%20Cases%20--%20Test%20Case%209%20Delete%20the%20Table%20and%20Verify%20Frontend%20Removal%20(failed).png\&quot;\n    }\n]&quot;,&quot;code&quot;:&quot;//Delete the table and verify\nconst del = new _deleteTable.default();\ndel.delete();&quot;,&quot;err&quot;:{&quot;message&quot;:&quot;AssertionError: Timed out retrying after 4000ms: Expected to find content: &#x27;FlexTable&#x27; within the selector: &#x27;.wp-menu-name&#x27; but never did.&quot;,&quot;estack&quot;:&quot;AssertionError: Timed out retrying after 4000ms: Expected to find content: &#x27;FlexTable&#x27; within the selector: &#x27;.wp-menu-name&#x27; but never did.\n    at Context.eval (webpack://wppool-assignment/./POM/FlexTable-Plugin/navigateFlexTableDashboard.js:7:15)\n    at getRet (http://flextable-automation.local/__cypress/runner/cypress_runner.js:122460:20)\n    at tryCatcher (http://flextable-automation.local/__cypress/runner/cypress_runner.js:1777:23)\n    at Promise.attempt.Promise.try (http://flextable-automation.local/__cypress/runner/cypress_runner.js:4285:29)\n    at Context.thenFn (http://flextable-automation.local/__cypress/runner/cypress_runner.js:122471:66)\n    at Context.then (http://flextable-automation.local/__cypress/runner/cypress_runner.js:122722:21)\n    at wrapped (http://flextable-automation.local/__cypress/runner/cypress_runner.js:145818:19)&quot;,&quot;diff&quot;:null},&quot;uuid&quot;:&quot;ef07bb74-8c6d-4fc7-9962-fd1ad27d9efc&quot;,&quot;parentUUID&quot;:&quot;fea081f9-6c57-40ed-8d67-728642977dda&quot;,&quot;isHook&quot;:false,&quot;skipped&quot;:false}],&quot;suites&quot;:[],&quot;passes&quot;:[&quot;a2d8a16b-6438-414b-a050-9926c65b7078&quot;],&quot;failures&quot;:[&quot;3f27c187-a64c-47a3-8bd9-f025c55e020c&quot;,&quot;6c689071-4b70-4890-8897-3f79c2782d26&quot;,&quot;7da600be-d8ae-4479-aa3e-c0dfb0fb022d&quot;,&quot;9b1db376-0625-46e3-87fb-423f65d90969&quot;,&quot;4a9b85ae-aa76-435a-ac24-50a79dc591b3&quot;,&quot;9c58a043-4abf-413e-9ecf-20b5632048f1&quot;,&quot;d2639930-34e0-4cf0-842d-1f7c505f53f2&quot;,&quot;ef07bb74-8c6d-4fc7-9962-fd1ad27d9efc&quot;],&quot;pending&quot;:[],&quot;skipped&quot;:[],&quot;duration&quot;:80604,&quot;root&quot;:false,&quot;rootEmpty&quot;:false,&quot;_timeout&quot;:2000}],&quot;passes&quot;:[],&quot;failures&quot;:[],&quot;pending&quot;:[],&quot;skipped&quot;:[],&quot;duration&quot;:0,&quot;root&quot;:true,&quot;rootEmpty&quot;:true,&quot;_timeout&quot;:2000}],&quot;meta&quot;:{&quot;mocha&quot;:{&quot;version&quot;:&quot;7.2.0&quot;},&quot;mochawesome&quot;:{&quot;options&quot;:{&quot;quiet&quot;:false,&quot;reportFilename&quot;:&quot;mochawesome&quot;,&quot;saveHtml&quot;:false,&quot;saveJson&quot;:true,&quot;consoleReporter&quot;:&quot;spec&quot;,&quot;useInlineDiffs&quot;:false,&quot;code&quot;:true},&quot;version&quot;:&quot;7.1.4&quot;},&quot;marge&quot;:{&quot;options&quot;:{&quot;overwrite&quot;:false,&quot;html&quot;:false,&quot;json&quot;:true,&quot;reportDir&quot;:&quot;cypress\\reports\\html\\.jsons&quot;},&quot;version&quot;:&quot;6.3.2&quot;}}}" data-config="{&quot;reportFilename&quot;:&quot;index.html&quot;,&quot;reportDir&quot;:&quot;D:\\FlexTable_Automation_Cypress\\cypress\\reports\\html&quot;,&quot;reportTitle&quot;:&quot;FlexTable_Automation_Cypress&quot;,&quot;reportPageTitle&quot;:&quot;Mochawesome Report&quot;,&quot;inline&quot;:false,&quot;inlineAssets&quot;:false,&quot;cdn&quot;:false,&quot;charts&quot;:false,&quot;enableCharts&quot;:false,&quot;code&quot;:true,&quot;enableCode&quot;:true,&quot;autoOpen&quot;:false,&quot;overwrite&quot;:true,&quot;timestamp&quot;:false,&quot;ts&quot;:false,&quot;showPassed&quot;:true,&quot;showFailed&quot;:true,&quot;showPending&quot;:true,&quot;showSkipped&quot;:false,&quot;showHooks&quot;:&quot;failed&quot;,&quot;saveJson&quot;:false,&quot;saveHtml&quot;:true,&quot;dev&quot;:false,&quot;assetsDir&quot;:&quot;D:\\FlexTable_Automation_Cypress\\cypress\\reports\\html\\assets&quot;,&quot;htmlFile&quot;:&quot;D:\\FlexTable_Automation_Cypress\\cypress\\reports\\html\\index.html&quot;}"><div id="report"></div><script src="assets\app.js"></script></body></html>